-------------------------------------------------------------------------------
Test set: edu.fiap.tcd.tcd.TcdApplicationTests
-------------------------------------------------------------------------------
Tests run: 1, Failures: 0, Errors: 1, Skipped: 0, Time elapsed: 11.143 s <<< FAILURE! - in edu.fiap.tcd.tcd.TcdApplicationTests
contextLoads  Time elapsed: 0.002 s  <<< ERROR!
java.lang.IllegalStateException: Failed to load ApplicationContext
Caused by: org.springframework.beans.factory.UnsatisfiedDependencyException: Error creating bean with name 'filmeController': Unsatisfied dependency expressed through field 'filmeInterface'; nested exception is org.springframework.beans.factory.BeanCreationException: Error creating bean with name 'filmeRepository': Invocation of init method failed; nested exception is java.lang.IllegalArgumentException: Paging query needs to have a Pageable parameter! Offending method public abstract org.springframework.data.domain.Page edu.fiap.tcd.repository.FilmeRepository.findByNome(java.lang.String,org.springframework.boot.autoconfigure.data.web.SpringDataWebProperties$Pageable)
Caused by: org.springframework.beans.factory.BeanCreationException: Error creating bean with name 'filmeRepository': Invocation of init method failed; nested exception is java.lang.IllegalArgumentException: Paging query needs to have a Pageable parameter! Offending method public abstract org.springframework.data.domain.Page edu.fiap.tcd.repository.FilmeRepository.findByNome(java.lang.String,org.springframework.boot.autoconfigure.data.web.SpringDataWebProperties$Pageable)
Caused by: java.lang.IllegalArgumentException: Paging query needs to have a Pageable parameter! Offending method public abstract org.springframework.data.domain.Page edu.fiap.tcd.repository.FilmeRepository.findByNome(java.lang.String,org.springframework.boot.autoconfigure.data.web.SpringDataWebProperties$Pageable)

